********************************************************************************
DUPLICATOR-LITE PACKAGE-LOG: 18 de May de 2022 20:54
NOTICE: Do NOT post to public sites or forums 
********************************************************************************
VERSION:	1.4.5
WORDPRESS:	5.9.3
PHP INFO:	8.1.5 | SAPI: apache2handler
SERVER:		Apache/2.4.53 (Win64) OpenSSL/1.1.1n PHP/8.1.5 
PHP TIME LIMIT: (0) no time limit imposed 
PHP MAX MEMORY: 4294967296 (512M default) 
MEMORY STACK: 44MB

********************************************************************************
DATABASE:
********************************************************************************
BUILD MODE:   MYSQLDUMP
MYSQLTIMEOUT: 5000
MYSQLDUMP:    Is Supported
SQL CREATED: 20220518_realstate_0de13a539b1e76231153_20220518205142_database.sql
SQL FILE SIZE: 793.36KB (812403)
SQL FILE TIME: 2022-05-18 20:54:14
SQL RUNTIME: 1.46 sec.

********************************************************************************
ARCHIVE (ZIP):
********************************************************************************
ARCHIVE DIR:  C:/xampp/htdocs/mtn
ARCHIVE FILE: 20220518_realstate_0de13a539b1e76231153_20220518205142_archive.zip
FILTERS: *OFF*
DIRS:
	not set
FILES:
	not set
EXTS:  not set
----------------------------------------
COMPRESSING
SIZE:	101.13MB
STATS:	Dirs 655 | Files 7,046
SQL ADDED: 20220518_realstate_0de13a539b1e76231153_20220518205142_database.sql
ZipArchive Object
(
    [lastId] => 7700
    [status] => 0
    [statusSys] => 0
    [numFiles] => 7701
    [filename] => C:\xampp\htdocs\mtn\wp-content\backups-dup-lite\tmp\20220518_realstate_0de13a539b1e76231153_20220518205142_archive.zip
    [comment] => 
)

FILE ADDED TO ZIP: 7700
COMPRESSION RESULT: '1'
COMPRESSED SIZE: 53.49MB
ARCHIVE RUNTIME: 8.41 sec.
MEMORY STACK: 46MB
building installer
add_extra_files1
add_extra_files2
add_extra_files3
add_extra_files4
Doing archive file check
add_extra_files5
add_extra_files6
add_extra_files8
Successfully opened zip C:/xampp/htdocs/mtn/wp-content/backups-dup-lite/tmp/20220518_realstate_0de13a539b1e76231153_20220518205142_archive.zip
Adding enhanced installer files to archive using ZipArchive
Installer files added to archive
Added to archive
After ziparchive close when adding installer

********************************************************************************
INTEGRITY CHECKS:
********************************************************************************
SQL FILE: 793.36KB
INSTALLER FILE: 64.59KB
ARCHIVE FILE: 54.59MB 
EXPECTED FILE/DIRECTORY COUNT: 7,701
ACTUAL FILE/DIRECTORY COUNT: 7,700
ARCHIVE CONSISTENCY TEST: Pass

********************************************************************************
RECORD ID:[1]
TOTAL PROCESS RUNTIME: 10.89 sec.
PEAK PHP MEMORY USED: 46MB
DONE PROCESSING => 20220518_realstate 18 de May de 2022 20:54

